<?xml version="1.0" encoding="UTF-8"?>
<coverage generated="1605714566140" clover="3.2.0">
  <project timestamp="1605714566140" name="All files">
    <metrics statements="52" coveredstatements="44" conditionals="10" coveredconditionals="8" methods="37" coveredmethods="27" elements="99" coveredelements="79" complexity="0" loc="52" ncloc="52" packages="1" files="2" classes="2"/>
    <file name="todo.js" path="/Users/zdubow/Documents/coding/Launch_School/JS130/Lesson1/ToDo/todo.js">
      <metrics statements="11" coveredstatements="10" conditionals="2" coveredconditionals="2" methods="6" coveredmethods="5"/>
      <line num="4" count="1" type="stmt"/>
      <line num="5" count="1" type="stmt"/>
      <line num="8" count="54" type="stmt"/>
      <line num="9" count="54" type="stmt"/>
      <line num="13" count="11" type="cond" truecount="2" falsecount="0"/>
      <line num="14" count="11" type="stmt"/>
      <line num="18" count="12" type="stmt"/>
      <line num="22" count="1" type="stmt"/>
      <line num="26" count="25" type="stmt"/>
      <line num="30" count="0" type="stmt"/>
      <line num="34" count="1" type="stmt"/>
    </file>
    <file name="todolist.js" path="/Users/zdubow/Documents/coding/Launch_School/JS130/Lesson1/ToDo/todolist.js">
      <metrics statements="41" coveredstatements="34" conditionals="8" coveredconditionals="6" methods="31" coveredmethods="22"/>
      <line num="1" count="1" type="stmt"/>
      <line num="5" count="20" type="stmt"/>
      <line num="6" count="20" type="stmt"/>
      <line num="10" count="57" type="cond" truecount="2" falsecount="0"/>
      <line num="11" count="1" type="stmt"/>
      <line num="13" count="56" type="stmt"/>
      <line num="16" count="2" type="stmt"/>
      <line num="19" count="1" type="stmt"/>
      <line num="22" count="1" type="stmt"/>
      <line num="25" count="6" type="stmt"/>
      <line num="26" count="4" type="stmt"/>
      <line num="29" count="12" type="cond" truecount="2" falsecount="0"/>
      <line num="30" count="5" type="stmt"/>
      <line num="34" count="2" type="stmt"/>
      <line num="35" count="1" type="stmt"/>
      <line num="38" count="2" type="stmt"/>
      <line num="39" count="1" type="stmt"/>
      <line num="42" count="3" type="stmt"/>
      <line num="45" count="1" type="stmt"/>
      <line num="48" count="1" type="stmt"/>
      <line num="51" count="2" type="stmt"/>
      <line num="52" count="1" type="stmt"/>
      <line num="55" count="5" type="stmt"/>
      <line num="56" count="11" type="stmt"/>
      <line num="57" count="5" type="stmt"/>
      <line num="60" count="5" type="stmt"/>
      <line num="73" count="1" type="stmt"/>
      <line num="74" count="1" type="stmt"/>
      <line num="75" count="3" type="cond" truecount="2" falsecount="0"/>
      <line num="76" count="1" type="stmt"/>
      <line num="79" count="1" type="stmt"/>
      <line num="88" count="0" type="stmt"/>
      <line num="91" count="0" type="stmt"/>
      <line num="94" count="0" type="stmt"/>
      <line num="102" count="0" type="stmt"/>
      <line num="103" count="0" type="cond" truecount="0" falsecount="2"/>
      <line num="104" count="0" type="stmt"/>
      <line num="108" count="6" type="stmt"/>
      <line num="111" count="0" type="stmt"/>
      <line num="122" count="4" type="stmt"/>
      <line num="126" count="1" type="stmt"/>
    </file>
  </project>
</coverage>
