{"/Users/zdubow/Documents/coding/Launch_School/JS130/Lesson1/ToDo/todo.js": {"path":"/Users/zdubow/Documents/coding/Launch_School/JS130/Lesson1/ToDo/todo.js","statementMap":{"0":{"start":{"line":4,"column":25},"end":{"line":4,"column":28}},"1":{"start":{"line":5,"column":27},"end":{"line":5,"column":30}},"2":{"start":{"line":8,"column":8},"end":{"line":8,"column":27}},"3":{"start":{"line":9,"column":8},"end":{"line":9,"column":26}},"4":{"start":{"line":13,"column":21},"end":{"line":13,"column":74}},"5":{"start":{"line":14,"column":8},"end":{"line":14,"column":43}},"6":{"start":{"line":18,"column":8},"end":{"line":18,"column":25}},"7":{"start":{"line":22,"column":8},"end":{"line":22,"column":26}},"8":{"start":{"line":26,"column":8},"end":{"line":26,"column":25}},"9":{"start":{"line":30,"column":8},"end":{"line":30,"column":26}},"10":{"start":{"line":34,"column":0},"end":{"line":34,"column":21}}},"fnMap":{"0":{"name":"(anonymous_0)","decl":{"start":{"line":7,"column":4},"end":{"line":7,"column":5}},"loc":{"start":{"line":7,"column":23},"end":{"line":10,"column":5}},"line":7},"1":{"name":"(anonymous_1)","decl":{"start":{"line":12,"column":4},"end":{"line":12,"column":5}},"loc":{"start":{"line":12,"column":15},"end":{"line":15,"column":5}},"line":12},"2":{"name":"(anonymous_2)","decl":{"start":{"line":17,"column":4},"end":{"line":17,"column":5}},"loc":{"start":{"line":17,"column":15},"end":{"line":19,"column":5}},"line":17},"3":{"name":"(anonymous_3)","decl":{"start":{"line":21,"column":4},"end":{"line":21,"column":5}},"loc":{"start":{"line":21,"column":17},"end":{"line":23,"column":5}},"line":21},"4":{"name":"(anonymous_4)","decl":{"start":{"line":25,"column":4},"end":{"line":25,"column":5}},"loc":{"start":{"line":25,"column":13},"end":{"line":27,"column":5}},"line":25},"5":{"name":"(anonymous_5)","decl":{"start":{"line":29,"column":4},"end":{"line":29,"column":5}},"loc":{"start":{"line":29,"column":15},"end":{"line":31,"column":5}},"line":29}},"branchMap":{"0":{"loc":{"start":{"line":13,"column":21},"end":{"line":13,"column":74}},"type":"cond-expr","locations":[{"start":{"line":13,"column":37},"end":{"line":13,"column":53}},{"start":{"line":13,"column":56},"end":{"line":13,"column":74}}],"line":13}},"s":{"0":1,"1":1,"2":54,"3":54,"4":11,"5":11,"6":12,"7":1,"8":25,"9":0,"10":1},"f":{"0":54,"1":11,"2":12,"3":1,"4":25,"5":0},"b":{"0":[6,5]},"_coverageSchema":"1a1c01bbd47fc00a2c39e90264f33305004495a9","hash":"9d7197c3fc3dd421dfebf323cd694e9afac4e143"}
,"/Users/zdubow/Documents/coding/Launch_School/JS130/Lesson1/ToDo/todolist.js": {"path":"/Users/zdubow/Documents/coding/Launch_School/JS130/Lesson1/ToDo/todolist.js","statementMap":{"0":{"start":{"line":1,"column":13},"end":{"line":1,"column":30}},"1":{"start":{"line":5,"column":8},"end":{"line":5,"column":27}},"2":{"start":{"line":6,"column":8},"end":{"line":6,"column":24}},"3":{"start":{"line":10,"column":8},"end":{"line":12,"column":9}},"4":{"start":{"line":11,"column":12},"end":{"line":11,"column":61}},"5":{"start":{"line":13,"column":8},"end":{"line":13,"column":33}},"6":{"start":{"line":16,"column":8},"end":{"line":16,"column":33}},"7":{"start":{"line":19,"column":8},"end":{"line":19,"column":28}},"8":{"start":{"line":22,"column":8},"end":{"line":22,"column":42}},"9":{"start":{"line":25,"column":8},"end":{"line":25,"column":35}},"10":{"start":{"line":26,"column":8},"end":{"line":26,"column":33}},"11":{"start":{"line":29,"column":8},"end":{"line":31,"column":9}},"12":{"start":{"line":30,"column":12},"end":{"line":30,"column":64}},"13":{"start":{"line":34,"column":8},"end":{"line":34,"column":35}},"14":{"start":{"line":35,"column":8},"end":{"line":35,"column":38}},"15":{"start":{"line":38,"column":8},"end":{"line":38,"column":35}},"16":{"start":{"line":39,"column":8},"end":{"line":39,"column":40}},"17":{"start":{"line":42,"column":8},"end":{"line":42,"column":54}},"18":{"start":{"line":42,"column":40},"end":{"line":42,"column":53}},"19":{"start":{"line":45,"column":8},"end":{"line":45,"column":33}},"20":{"start":{"line":48,"column":8},"end":{"line":48,"column":31}},"21":{"start":{"line":51,"column":8},"end":{"line":51,"column":35}},"22":{"start":{"line":52,"column":8},"end":{"line":52,"column":42}},"23":{"start":{"line":55,"column":20},"end":{"line":55,"column":45}},"24":{"start":{"line":56,"column":19},"end":{"line":56,"column":69}},"25":{"start":{"line":56,"column":42},"end":{"line":56,"column":57}},"26":{"start":{"line":57,"column":8},"end":{"line":57,"column":34}},"27":{"start":{"line":60,"column":8},"end":{"line":60,"column":36}},"28":{"start":{"line":73,"column":22},"end":{"line":73,"column":46}},"29":{"start":{"line":74,"column":8},"end":{"line":78,"column":10}},"30":{"start":{"line":75,"column":12},"end":{"line":77,"column":13}},"31":{"start":{"line":76,"column":16},"end":{"line":76,"column":33}},"32":{"start":{"line":79,"column":8},"end":{"line":79,"column":22}},"33":{"start":{"line":88,"column":8},"end":{"line":88,"column":69}},"34":{"start":{"line":88,"column":35},"end":{"line":88,"column":60}},"35":{"start":{"line":91,"column":8},"end":{"line":91,"column":49}},"36":{"start":{"line":91,"column":35},"end":{"line":91,"column":48}},"37":{"start":{"line":94,"column":8},"end":{"line":94,"column":50}},"38":{"start":{"line":94,"column":35},"end":{"line":94,"column":49}},"39":{"start":{"line":102,"column":19},"end":{"line":102,"column":42}},"40":{"start":{"line":103,"column":8},"end":{"line":105,"column":9}},"41":{"start":{"line":104,"column":12},"end":{"line":104,"column":27}},"42":{"start":{"line":108,"column":8},"end":{"line":108,"column":45}},"43":{"start":{"line":108,"column":29},"end":{"line":108,"column":44}},"44":{"start":{"line":111,"column":8},"end":{"line":111,"column":47}},"45":{"start":{"line":111,"column":29},"end":{"line":111,"column":46}},"46":{"start":{"line":122,"column":8},"end":{"line":122,"column":33}},"47":{"start":{"line":126,"column":0},"end":{"line":126,"column":25}}},"fnMap":{"0":{"name":"(anonymous_0)","decl":{"start":{"line":4,"column":4},"end":{"line":4,"column":5}},"loc":{"start":{"line":4,"column":23},"end":{"line":7,"column":5}},"line":4},"1":{"name":"(anonymous_1)","decl":{"start":{"line":9,"column":4},"end":{"line":9,"column":5}},"loc":{"start":{"line":9,"column":17},"end":{"line":14,"column":5}},"line":9},"2":{"name":"(anonymous_2)","decl":{"start":{"line":15,"column":4},"end":{"line":15,"column":5}},"loc":{"start":{"line":15,"column":11},"end":{"line":17,"column":5}},"line":15},"3":{"name":"(anonymous_3)","decl":{"start":{"line":18,"column":4},"end":{"line":18,"column":5}},"loc":{"start":{"line":18,"column":12},"end":{"line":20,"column":5}},"line":18},"4":{"name":"(anonymous_4)","decl":{"start":{"line":21,"column":4},"end":{"line":21,"column":5}},"loc":{"start":{"line":21,"column":11},"end":{"line":23,"column":5}},"line":21},"5":{"name":"(anonymous_5)","decl":{"start":{"line":24,"column":4},"end":{"line":24,"column":5}},"loc":{"start":{"line":24,"column":18},"end":{"line":27,"column":5}},"line":24},"6":{"name":"(anonymous_6)","decl":{"start":{"line":28,"column":4},"end":{"line":28,"column":5}},"loc":{"start":{"line":28,"column":26},"end":{"line":32,"column":5}},"line":28},"7":{"name":"(anonymous_7)","decl":{"start":{"line":33,"column":4},"end":{"line":33,"column":5}},"loc":{"start":{"line":33,"column":22},"end":{"line":36,"column":5}},"line":33},"8":{"name":"(anonymous_8)","decl":{"start":{"line":37,"column":4},"end":{"line":37,"column":5}},"loc":{"start":{"line":37,"column":24},"end":{"line":40,"column":5}},"line":37},"9":{"name":"(anonymous_9)","decl":{"start":{"line":41,"column":4},"end":{"line":41,"column":5}},"loc":{"start":{"line":41,"column":13},"end":{"line":43,"column":5}},"line":41},"10":{"name":"(anonymous_10)","decl":{"start":{"line":42,"column":32},"end":{"line":42,"column":33}},"loc":{"start":{"line":42,"column":40},"end":{"line":42,"column":53}},"line":42},"11":{"name":"(anonymous_11)","decl":{"start":{"line":44,"column":4},"end":{"line":44,"column":5}},"loc":{"start":{"line":44,"column":12},"end":{"line":46,"column":5}},"line":44},"12":{"name":"(anonymous_12)","decl":{"start":{"line":47,"column":4},"end":{"line":47,"column":5}},"loc":{"start":{"line":47,"column":10},"end":{"line":49,"column":5}},"line":47},"13":{"name":"(anonymous_13)","decl":{"start":{"line":50,"column":4},"end":{"line":50,"column":5}},"loc":{"start":{"line":50,"column":20},"end":{"line":53,"column":5}},"line":50},"14":{"name":"(anonymous_14)","decl":{"start":{"line":54,"column":4},"end":{"line":54,"column":5}},"loc":{"start":{"line":54,"column":15},"end":{"line":58,"column":5}},"line":54},"15":{"name":"(anonymous_15)","decl":{"start":{"line":56,"column":34},"end":{"line":56,"column":35}},"loc":{"start":{"line":56,"column":42},"end":{"line":56,"column":57}},"line":56},"16":{"name":"(anonymous_16)","decl":{"start":{"line":59,"column":4},"end":{"line":59,"column":5}},"loc":{"start":{"line":59,"column":22},"end":{"line":61,"column":5}},"line":59},"17":{"name":"(anonymous_17)","decl":{"start":{"line":62,"column":4},"end":{"line":62,"column":5}},"loc":{"start":{"line":62,"column":15},"end":{"line":80,"column":5}},"line":62},"18":{"name":"(anonymous_18)","decl":{"start":{"line":74,"column":21},"end":{"line":74,"column":22}},"loc":{"start":{"line":74,"column":29},"end":{"line":78,"column":9}},"line":74},"19":{"name":"(anonymous_19)","decl":{"start":{"line":81,"column":4},"end":{"line":81,"column":5}},"loc":{"start":{"line":81,"column":23},"end":{"line":89,"column":5}},"line":81},"20":{"name":"(anonymous_20)","decl":{"start":{"line":88,"column":27},"end":{"line":88,"column":28}},"loc":{"start":{"line":88,"column":35},"end":{"line":88,"column":60}},"line":88},"21":{"name":"(anonymous_21)","decl":{"start":{"line":90,"column":4},"end":{"line":90,"column":5}},"loc":{"start":{"line":90,"column":14},"end":{"line":92,"column":5}},"line":90},"22":{"name":"(anonymous_22)","decl":{"start":{"line":91,"column":27},"end":{"line":91,"column":28}},"loc":{"start":{"line":91,"column":35},"end":{"line":91,"column":48}},"line":91},"23":{"name":"(anonymous_23)","decl":{"start":{"line":93,"column":4},"end":{"line":93,"column":5}},"loc":{"start":{"line":93,"column":17},"end":{"line":95,"column":5}},"line":93},"24":{"name":"(anonymous_24)","decl":{"start":{"line":94,"column":27},"end":{"line":94,"column":28}},"loc":{"start":{"line":94,"column":35},"end":{"line":94,"column":49}},"line":94},"25":{"name":"(anonymous_25)","decl":{"start":{"line":96,"column":4},"end":{"line":96,"column":5}},"loc":{"start":{"line":96,"column":20},"end":{"line":106,"column":5}},"line":96},"26":{"name":"(anonymous_26)","decl":{"start":{"line":107,"column":4},"end":{"line":107,"column":5}},"loc":{"start":{"line":107,"column":18},"end":{"line":109,"column":5}},"line":107},"27":{"name":"(anonymous_27)","decl":{"start":{"line":108,"column":21},"end":{"line":108,"column":22}},"loc":{"start":{"line":108,"column":29},"end":{"line":108,"column":44}},"line":108},"28":{"name":"(anonymous_28)","decl":{"start":{"line":110,"column":4},"end":{"line":110,"column":5}},"loc":{"start":{"line":110,"column":20},"end":{"line":112,"column":5}},"line":110},"29":{"name":"(anonymous_29)","decl":{"start":{"line":111,"column":21},"end":{"line":111,"column":22}},"loc":{"start":{"line":111,"column":29},"end":{"line":111,"column":46}},"line":111},"30":{"name":"(anonymous_30)","decl":{"start":{"line":113,"column":4},"end":{"line":113,"column":5}},"loc":{"start":{"line":113,"column":14},"end":{"line":123,"column":5}},"line":113}},"branchMap":{"0":{"loc":{"start":{"line":10,"column":8},"end":{"line":12,"column":9}},"type":"if","locations":[{"start":{"line":10,"column":8},"end":{"line":12,"column":9}},{"start":{"line":10,"column":8},"end":{"line":12,"column":9}}],"line":10},"1":{"loc":{"start":{"line":29,"column":8},"end":{"line":31,"column":9}},"type":"if","locations":[{"start":{"line":29,"column":8},"end":{"line":31,"column":9}},{"start":{"line":29,"column":8},"end":{"line":31,"column":9}}],"line":29},"2":{"loc":{"start":{"line":75,"column":12},"end":{"line":77,"column":13}},"type":"if","locations":[{"start":{"line":75,"column":12},"end":{"line":77,"column":13}},{"start":{"line":75,"column":12},"end":{"line":77,"column":13}}],"line":75},"3":{"loc":{"start":{"line":103,"column":8},"end":{"line":105,"column":9}},"type":"if","locations":[{"start":{"line":103,"column":8},"end":{"line":105,"column":9}},{"start":{"line":103,"column":8},"end":{"line":105,"column":9}}],"line":103}},"s":{"0":1,"1":20,"2":20,"3":57,"4":1,"5":56,"6":2,"7":1,"8":1,"9":6,"10":4,"11":12,"12":5,"13":2,"14":1,"15":2,"16":1,"17":1,"18":3,"19":1,"20":1,"21":2,"22":1,"23":5,"24":5,"25":11,"26":5,"27":5,"28":1,"29":1,"30":3,"31":1,"32":1,"33":0,"34":0,"35":0,"36":0,"37":0,"38":0,"39":0,"40":0,"41":0,"42":2,"43":6,"44":0,"45":0,"46":4,"47":1},"f":{"0":20,"1":57,"2":2,"3":1,"4":1,"5":6,"6":12,"7":2,"8":2,"9":1,"10":3,"11":1,"12":1,"13":2,"14":5,"15":11,"16":5,"17":1,"18":3,"19":0,"20":0,"21":0,"22":0,"23":0,"24":0,"25":0,"26":2,"27":6,"28":0,"29":0,"30":4},"b":{"0":[1,56],"1":[5,7],"2":[1,2],"3":[0,0]},"_coverageSchema":"1a1c01bbd47fc00a2c39e90264f33305004495a9","hash":"bf533164b0edba9e59c02977878ad767eb6989df"}
}
