TN:
SF:todo.js
FN:7,(anonymous_0)
FN:12,(anonymous_1)
FN:17,(anonymous_2)
FN:21,(anonymous_3)
FN:25,(anonymous_4)
FN:29,(anonymous_5)
FNF:6
FNH:5
FNDA:54,(anonymous_0)
FNDA:11,(anonymous_1)
FNDA:12,(anonymous_2)
FNDA:1,(anonymous_3)
FNDA:25,(anonymous_4)
FNDA:0,(anonymous_5)
DA:4,1
DA:5,1
DA:8,54
DA:9,54
DA:13,11
DA:14,11
DA:18,12
DA:22,1
DA:26,25
DA:30,0
DA:34,1
LF:11
LH:10
BRDA:13,0,0,6
BRDA:13,0,1,5
BRF:2
BRH:2
end_of_record
TN:
SF:todolist.js
FN:4,(anonymous_0)
FN:9,(anonymous_1)
FN:15,(anonymous_2)
FN:18,(anonymous_3)
FN:21,(anonymous_4)
FN:24,(anonymous_5)
FN:28,(anonymous_6)
FN:33,(anonymous_7)
FN:37,(anonymous_8)
FN:41,(anonymous_9)
FN:42,(anonymous_10)
FN:44,(anonymous_11)
FN:47,(anonymous_12)
FN:50,(anonymous_13)
FN:54,(anonymous_14)
FN:56,(anonymous_15)
FN:59,(anonymous_16)
FN:62,(anonymous_17)
FN:74,(anonymous_18)
FN:81,(anonymous_19)
FN:88,(anonymous_20)
FN:90,(anonymous_21)
FN:91,(anonymous_22)
FN:93,(anonymous_23)
FN:94,(anonymous_24)
FN:96,(anonymous_25)
FN:107,(anonymous_26)
FN:108,(anonymous_27)
FN:110,(anonymous_28)
FN:111,(anonymous_29)
FN:113,(anonymous_30)
FNF:31
FNH:22
FNDA:20,(anonymous_0)
FNDA:57,(anonymous_1)
FNDA:2,(anonymous_2)
FNDA:1,(anonymous_3)
FNDA:1,(anonymous_4)
FNDA:6,(anonymous_5)
FNDA:12,(anonymous_6)
FNDA:2,(anonymous_7)
FNDA:2,(anonymous_8)
FNDA:1,(anonymous_9)
FNDA:3,(anonymous_10)
FNDA:1,(anonymous_11)
FNDA:1,(anonymous_12)
FNDA:2,(anonymous_13)
FNDA:5,(anonymous_14)
FNDA:11,(anonymous_15)
FNDA:5,(anonymous_16)
FNDA:1,(anonymous_17)
FNDA:3,(anonymous_18)
FNDA:0,(anonymous_19)
FNDA:0,(anonymous_20)
FNDA:0,(anonymous_21)
FNDA:0,(anonymous_22)
FNDA:0,(anonymous_23)
FNDA:0,(anonymous_24)
FNDA:0,(anonymous_25)
FNDA:2,(anonymous_26)
FNDA:6,(anonymous_27)
FNDA:0,(anonymous_28)
FNDA:0,(anonymous_29)
FNDA:4,(anonymous_30)
DA:1,1
DA:5,20
DA:6,20
DA:10,57
DA:11,1
DA:13,56
DA:16,2
DA:19,1
DA:22,1
DA:25,6
DA:26,4
DA:29,12
DA:30,5
DA:34,2
DA:35,1
DA:38,2
DA:39,1
DA:42,3
DA:45,1
DA:48,1
DA:51,2
DA:52,1
DA:55,5
DA:56,11
DA:57,5
DA:60,5
DA:73,1
DA:74,1
DA:75,3
DA:76,1
DA:79,1
DA:88,0
DA:91,0
DA:94,0
DA:102,0
DA:103,0
DA:104,0
DA:108,6
DA:111,0
DA:122,4
DA:126,1
LF:41
LH:34
BRDA:10,0,0,1
BRDA:10,0,1,56
BRDA:29,1,0,5
BRDA:29,1,1,7
BRDA:75,2,0,1
BRDA:75,2,1,2
BRDA:103,3,0,0
BRDA:103,3,1,0
BRF:8
BRH:6
end_of_record
